<?xml version="1.0" encoding="UTF-8"?>
<!-- Generated by org.testng.reporters.JUnitReportReporter -->
<testsuite skipped="0" hostname="LAPTOP-HKG3O693" name="com.uiFramework.TestClass" tests="1" failures="0" timestamp="2020-04-09T11:49:49 IST" time="17.448" errors="0">
  <testcase name="TC1" time="17.448" classname="com.uiFramework.TestClass"/>
</testsuite> <!-- com.uiFramework.TestClass -->
